Removed Pin From Net: NetName=NetC14_1 Pin=R15-2
Removed Pin From Net: NetName=NetC14_1 Pin=R16-2
Added Component: Designator=C11(C 0603)
Add component. Clean all parameters for all variants
Add component (AddParameter): Name = "BRAND"; Value = ""; VariantName = "[No Variations]"
Add component (AddParameter): Name = "PACKAGE"; Value = ""; VariantName = "[No Variations]"
Add component (AddParameter): Name = "PART NO"; Value = ""; VariantName = "[No Variations]"
Add component (AddParameter): Name = "STOCK CODE"; Value = ""; VariantName = "[No Variations]"
Add component (AddParameter): Name = "SUPPLIER"; Value = ""; VariantName = "[No Variations]"
Add component (AddParameter): Name = "TYPE"; Value = ""; VariantName = "[No Variations]"
Added Component: Designator=C13(C 0603)
Add component. Clean all parameters for all variants
Add component (AddParameter): Name = "BRAND"; Value = ""; VariantName = "[No Variations]"
Add component (AddParameter): Name = "PACKAGE"; Value = ""; VariantName = "[No Variations]"
Add component (AddParameter): Name = "PART NO"; Value = ""; VariantName = "[No Variations]"
Add component (AddParameter): Name = "STOCK CODE"; Value = ""; VariantName = "[No Variations]"
Add component (AddParameter): Name = "SUPPLIER"; Value = ""; VariantName = "[No Variations]"
Add component (AddParameter): Name = "TYPE"; Value = ""; VariantName = "[No Variations]"
Added Component: Designator=CN3(CONN/RJ45/x2)
Add component. Clean all parameters for all variants
Add component (AddParameter): Name = "BRAND"; Value = ""; VariantName = "[No Variations]"
Add component (AddParameter): Name = "PACKAGE"; Value = ""; VariantName = "[No Variations]"
Add component (AddParameter): Name = "PART NO"; Value = ""; VariantName = "[No Variations]"
Add component (AddParameter): Name = "STOCK CODE"; Value = ""; VariantName = "[No Variations]"
Add component (AddParameter): Name = "SUPPLIER"; Value = ""; VariantName = "[No Variations]"
Add component (AddParameter): Name = "TYPE"; Value = ""; VariantName = "[No Variations]"
Added Component: Designator=D1(DO-214AC (SMA))
Add component. Clean all parameters for all variants
Add component (AddParameter): Name = "BRAND"; Value = ""; VariantName = "[No Variations]"
Add component (AddParameter): Name = "PACKAGE"; Value = ""; VariantName = "[No Variations]"
Add component (AddParameter): Name = "PART NO"; Value = ""; VariantName = "[No Variations]"
Add component (AddParameter): Name = "STOCK CODE"; Value = ""; VariantName = "[No Variations]"
Add component (AddParameter): Name = "SUPPLIER"; Value = ""; VariantName = "[No Variations]"
Add component (AddParameter): Name = "TYPE"; Value = ""; VariantName = "[No Variations]"
Added Component: Designator=D2(SOT-23)
Add component. Clean all parameters for all variants
Add component (AddParameter): Name = "BRAND"; Value = ""; VariantName = "[No Variations]"
Add component (AddParameter): Name = "PACKAGE"; Value = ""; VariantName = "[No Variations]"
Add component (AddParameter): Name = "PART NO"; Value = ""; VariantName = "[No Variations]"
Add component (AddParameter): Name = "STOCK CODE"; Value = ""; VariantName = "[No Variations]"
Add component (AddParameter): Name = "SUPPLIER"; Value = ""; VariantName = "[No Variations]"
Add component (AddParameter): Name = "TYPE"; Value = ""; VariantName = "[No Variations]"
Added Component: Designator=R10(R 0603)
Add component. Clean all parameters for all variants
Add component (AddParameter): Name = "BRAND"; Value = ""; VariantName = "[No Variations]"
Add component (AddParameter): Name = "PACKAGE"; Value = ""; VariantName = "[No Variations]"
Add component (AddParameter): Name = "PART NO"; Value = ""; VariantName = "[No Variations]"
Add component (AddParameter): Name = "STOCK CODE"; Value = ""; VariantName = "[No Variations]"
Add component (AddParameter): Name = "SUPPLIER"; Value = ""; VariantName = "[No Variations]"
Add component (AddParameter): Name = "TYPE"; Value = ""; VariantName = "[No Variations]"
Added Component: Designator=R12(R 0603)
Add component. Clean all parameters for all variants
Add component (AddParameter): Name = "BRAND"; Value = ""; VariantName = "[No Variations]"
Add component (AddParameter): Name = "PACKAGE"; Value = ""; VariantName = "[No Variations]"
Add component (AddParameter): Name = "PART NO"; Value = ""; VariantName = "[No Variations]"
Add component (AddParameter): Name = "STOCK CODE"; Value = ""; VariantName = "[No Variations]"
Add component (AddParameter): Name = "SUPPLIER"; Value = ""; VariantName = "[No Variations]"
Add component (AddParameter): Name = "TYPE"; Value = ""; VariantName = "[No Variations]"
Added Component: Designator=R13(R 0603)
Add component. Clean all parameters for all variants
Add component (AddParameter): Name = "BRAND"; Value = ""; VariantName = "[No Variations]"
Add component (AddParameter): Name = "PACKAGE"; Value = ""; VariantName = "[No Variations]"
Add component (AddParameter): Name = "PART NO"; Value = ""; VariantName = "[No Variations]"
Add component (AddParameter): Name = "STOCK CODE"; Value = ""; VariantName = "[No Variations]"
Add component (AddParameter): Name = "SUPPLIER"; Value = ""; VariantName = "[No Variations]"
Add component (AddParameter): Name = "TYPE"; Value = ""; VariantName = "[No Variations]"
Added Component: Designator=U4(SOIC-8)
Add component. Clean all parameters for all variants
Add component (AddParameter): Name = "BRAND"; Value = ""; VariantName = "[No Variations]"
Add component (AddParameter): Name = "PACKAGE"; Value = ""; VariantName = "[No Variations]"
Add component (AddParameter): Name = "PART NO"; Value = ""; VariantName = "[No Variations]"
Add component (AddParameter): Name = "STOCK CODE"; Value = ""; VariantName = "[No Variations]"
Add component (AddParameter): Name = "SUPPLIER"; Value = ""; VariantName = "[No Variations]"
Add component (AddParameter): Name = "TYPE"; Value = ""; VariantName = "[No Variations]"
Added Pin To Net: NetName=GND Pin=C11-1
Added Pin To Net: NetName=GND Pin=C13-2
Added Pin To Net: NetName=GND Pin=CN3-7
Added Pin To Net: NetName=GND Pin=CN3-8
Added Pin To Net: NetName=GND Pin=CN3-9
Added Pin To Net: NetName=GND Pin=CN3-10
Added Pin To Net: NetName=GND Pin=CN3-17
Added Pin To Net: NetName=GND Pin=CN3-18
Added Pin To Net: NetName=VIN Pin=D1-2
Added Pin To Net: NetName=GND Pin=D2-3
Added Pin To Net: NetName=RXD0 Pin=U4-1
Added Pin To Net: NetName=RS485_EN Pin=U4-2
Added Pin To Net: NetName=RS485_EN Pin=U4-3
Added Pin To Net: NetName=TXD0 Pin=U4-4
Added Pin To Net: NetName=GND Pin=U4-5
Added Pin To Net: NetName=3V3 Pin=U4-8
Added Pin To Net: NetName=NetC11_2 Pin=C11-2
Added Pin To Net: NetName=NetC11_2 Pin=R10-1
Added Pin To Net: NetName=NetC11_2 Pin=U4-7
Added Net: Name=NetC11_2
Added Pin To Net: NetName=NetC13_1 Pin=C13-1
Added Pin To Net: NetName=NetC13_1 Pin=R13-1
Added Pin To Net: NetName=NetC13_1 Pin=U4-6
Added Net: Name=NetC13_1
Added Pin To Net: NetName=NetR15_2 Pin=R15-2
Added Pin To Net: NetName=NetR15_2 Pin=R16-2
Added Net: Name=NetR15_2
Added Pin To Net: NetName=RS485_5V Pin=CN3-3
Added Pin To Net: NetName=RS485_5V Pin=CN3-4
Added Pin To Net: NetName=RS485_5V Pin=CN3-5
Added Pin To Net: NetName=RS485_5V Pin=CN3-6
Added Pin To Net: NetName=RS485_5V Pin=CN3-13
Added Pin To Net: NetName=RS485_5V Pin=CN3-14
Added Pin To Net: NetName=RS485_5V Pin=CN3-15
Added Pin To Net: NetName=RS485_5V Pin=CN3-16
Added Pin To Net: NetName=RS485_5V Pin=D1-1
Added Net: Name=RS485_5V
Added Pin To Net: NetName=RS485_A Pin=CN3-1
Added Pin To Net: NetName=RS485_A Pin=CN3-11
Added Pin To Net: NetName=RS485_A Pin=D2-1
Added Pin To Net: NetName=RS485_A Pin=R12-1
Added Pin To Net: NetName=RS485_A Pin=R13-2
Added Net: Name=RS485_A
Added Pin To Net: NetName=RS485_B Pin=CN3-2
Added Pin To Net: NetName=RS485_B Pin=CN3-12
Added Pin To Net: NetName=RS485_B Pin=D2-2
Added Pin To Net: NetName=RS485_B Pin=R10-2
Added Pin To Net: NetName=RS485_B Pin=R12-2
Added Net: Name=RS485_B
Added Member To Class: ClassName=Schematic_MDT Member=Component C11 N/A
Added Member To Class: ClassName=Schematic_MDT Member=Component C13 N/A
Added Member To Class: ClassName=Schematic_MDT Member=Component CN3 RJ45 x2
Added Member To Class: ClassName=Schematic_MDT Member=Component D1 Diode
Added Member To Class: ClassName=Schematic_MDT Member=Component D2 CDSOT23-SM712
Added Member To Class: ClassName=Schematic_MDT Member=Component R10 10
Added Member To Class: ClassName=Schematic_MDT Member=Component R12 120
Added Member To Class: ClassName=Schematic_MDT Member=Component R13 10
Added Member To Class: ClassName=Schematic_MDT Member=Component U1 TPS5430
Added Member To Class: ClassName=Schematic_MDT Member=Component U4 MAX485
Added Room: Name=Schematic_MDT
