Added Component: Designator=H101(SCREW/3.2/7.0/M)
Add component. Clean all parameters for all variants
Add component (AddParameter): Name = "BRAND"; Value = ""; VariantName = "[No Variations]"
Add component (AddParameter): Name = "PACKAGE"; Value = ""; VariantName = "[No Variations]"
Add component (AddParameter): Name = "PART NO"; Value = ""; VariantName = "[No Variations]"
Add component (AddParameter): Name = "STOCK CODE"; Value = ""; VariantName = "[No Variations]"
Add component (AddParameter): Name = "STOCK DESC"; Value = ""; VariantName = "[No Variations]"
Add component (AddParameter): Name = "SUPPLIER"; Value = ""; VariantName = "[No Variations]"
Add component (AddParameter): Name = "TYPE"; Value = "NO-BOM"; VariantName = "[No Variations]"
Add component (AddParameter): Name = "UNIT PRICE"; Value = "0"; VariantName = "[No Variations]"
Added Component: Designator=H102(SCREW/3.2/7.0/M)
Add component. Clean all parameters for all variants
Add component (AddParameter): Name = "BRAND"; Value = ""; VariantName = "[No Variations]"
Add component (AddParameter): Name = "PACKAGE"; Value = ""; VariantName = "[No Variations]"
Add component (AddParameter): Name = "PART NO"; Value = ""; VariantName = "[No Variations]"
Add component (AddParameter): Name = "STOCK CODE"; Value = ""; VariantName = "[No Variations]"
Add component (AddParameter): Name = "STOCK DESC"; Value = ""; VariantName = "[No Variations]"
Add component (AddParameter): Name = "SUPPLIER"; Value = ""; VariantName = "[No Variations]"
Add component (AddParameter): Name = "TYPE"; Value = "NO-BOM"; VariantName = "[No Variations]"
Add component (AddParameter): Name = "UNIT PRICE"; Value = "0"; VariantName = "[No Variations]"
Added Component: Designator=H103(SCREW/3.2/7.0/M)
Add component. Clean all parameters for all variants
Add component (AddParameter): Name = "BRAND"; Value = ""; VariantName = "[No Variations]"
Add component (AddParameter): Name = "PACKAGE"; Value = ""; VariantName = "[No Variations]"
Add component (AddParameter): Name = "PART NO"; Value = ""; VariantName = "[No Variations]"
Add component (AddParameter): Name = "STOCK CODE"; Value = ""; VariantName = "[No Variations]"
Add component (AddParameter): Name = "STOCK DESC"; Value = ""; VariantName = "[No Variations]"
Add component (AddParameter): Name = "SUPPLIER"; Value = ""; VariantName = "[No Variations]"
Add component (AddParameter): Name = "TYPE"; Value = "NO-BOM"; VariantName = "[No Variations]"
Add component (AddParameter): Name = "UNIT PRICE"; Value = "0"; VariantName = "[No Variations]"
Added Component: Designator=H104(SCREW/3.2/7.0/M)
Add component. Clean all parameters for all variants
Add component (AddParameter): Name = "BRAND"; Value = ""; VariantName = "[No Variations]"
Add component (AddParameter): Name = "PACKAGE"; Value = ""; VariantName = "[No Variations]"
Add component (AddParameter): Name = "PART NO"; Value = ""; VariantName = "[No Variations]"
Add component (AddParameter): Name = "STOCK CODE"; Value = ""; VariantName = "[No Variations]"
Add component (AddParameter): Name = "STOCK DESC"; Value = ""; VariantName = "[No Variations]"
Add component (AddParameter): Name = "SUPPLIER"; Value = ""; VariantName = "[No Variations]"
Add component (AddParameter): Name = "TYPE"; Value = "NO-BOM"; VariantName = "[No Variations]"
Add component (AddParameter): Name = "UNIT PRICE"; Value = "0"; VariantName = "[No Variations]"
Added Member To Class: ClassName=Schematic_MDT Member=Component C13 N/A
Added Member To Class: ClassName=Schematic_MDT Member=Component CN3 RJ45 x2
Added Member To Class: ClassName=Schematic_MDT Member=Component H101 Screw Hole
Added Member To Class: ClassName=Schematic_MDT Member=Component H102 Screw Hole
Added Member To Class: ClassName=Schematic_MDT Member=Component H103 Screw Hole
Added Member To Class: ClassName=Schematic_MDT Member=Component H104 Screw Hole
Added Member To Class: ClassName=Schematic_MDT Member=Component RA1 10k
Added Member To Class: ClassName=Schematic_MDT Member=Component U1 TPS5430
Added Room: Name=Schematic_MDT
